<?xml version="1.0" encoding="UTF-8" ?>
<testsuite errors="0" failures="2" name="org.idmunit.TrivirDTFDriverTests" tests="5" time="15.547">
  <properties>
    <property name="java.vendor" value="Sun Microsystems Inc."></property>
    <property name="lib.dir" value="lib"></property>
    <property name="eclipse.pdebuild.templates" value="/C:/IdMUnit/designer12/Designer/eclipse/plugins/org.eclipse.pde.build_3.2.1.r321_v20060823/templates/"></property>
    <property name="sun.management.compiler" value="HotSpot Client Compiler"></property>
    <property name="os.name" value="Windows XP"></property>
    <property name="ddsteps.home" value="lib"></property>
    <property name="sun.boot.class.path" value="C:\IdMUnit\designer12\Designer\eclipse\jre\lib\endorsed\xalan.jar;C:\IdMUnit\designer12\Designer\eclipse\jre\lib\endorsed\xerces.jar;C:\IdMUnit\designer12\Designer\eclipse\jre\lib\endorsed\xml-apis.jar;C:\IdMUnit\designer12\Designer\eclipse\jre\lib\rt.jar;C:\IdMUnit\designer12\Designer\eclipse\jre\lib\i18n.jar;C:\IdMUnit\designer12\Designer\eclipse\jre\lib\sunrsasign.jar;C:\IdMUnit\designer12\Designer\eclipse\jre\lib\jsse.jar;C:\IdMUnit\designer12\Designer\eclipse\jre\lib\jce.jar;C:\IdMUnit\designer12\Designer\eclipse\jre\lib\charsets.jar;C:\IdMUnit\designer12\Designer\eclipse\jre\classes"></property>
    <property name="sun.desktop" value="windows"></property>
    <property name="java.vm.specification.vendor" value="Sun Microsystems Inc."></property>
    <property name="ant.home" value="C:\IdMUnit\designer12\Designer\eclipse\plugins\org.apache.ant_1.6.5"></property>
    <property name="java.runtime.version" value="1.5.0_05-b05"></property>
    <property name="props.dir" value="../myProfiles"></property>
    <property name="xls.dir" value="idmunit-core/test"></property>
    <property name="user.name" value="Brent Kynaston"></property>
    <property name="build.dir" value="classes"></property>
    <property name="user.language" value="en"></property>
    <property name="sun.boot.library.path" value="C:\IdMUnit\designer12\Designer\eclipse\jre\bin"></property>
    <property name="ant.project.name" value="IdMUnit"></property>
    <property name="java.version" value="1.5.0_05"></property>
    <property name="user.timezone" value=""></property>
    <property name="resources.dir" value="../myProfiles"></property>
    <property name="sun.arch.data.model" value="32"></property>
    <property name="java.endorsed.dirs" value="C:\IdMUnit\designer12\Designer\eclipse\jre\lib\endorsed"></property>
    <property name="sun.cpu.isalist" value="pentium_pro+mmx pentium_pro pentium+mmx pentium i486 i386 i86"></property>
    <property name="sun.jnu.encoding" value="Cp1252"></property>
    <property name="file.encoding.pkg" value="sun.io"></property>
    <property name="file.separator" value="\"></property>
    <property name="java.specification.name" value="Java Platform API Specification"></property>
    <property name="java.class.version" value="49.0"></property>
    <property name="user.country" value="US"></property>
    <property name="java.home" value="C:\IdMUnit\designer12\Designer\eclipse\jre"></property>
    <property name="java.vm.info" value="mixed mode"></property>
    <property name="ant.file" value="C:\IdMUnit\src\build.xml"></property>
    <property name="os.version" value="5.1"></property>
    <property name="path.separator" value=";"></property>
    <property name="java.vm.version" value="1.5.0_05-b05"></property>
    <property name="user.variant" value=""></property>
    <property name="ant.library.dir" value="C:\IdMUnit\designer12\Designer\eclipse\plugins\org.apache.ant_1.6.5\lib"></property>
    <property name="java.awt.printerjob" value="sun.awt.windows.WPrinterJob"></property>
    <property name="sun.io.unicode.encoding" value="UnicodeLittle"></property>
    <property name="awt.toolkit" value="sun.awt.windows.WToolkit"></property>
    <property name="ant.file.IdMUnit" value="C:\IdMUnit\src\build.xml"></property>
    <property name="eclipse.pdebuild.scripts" value="/C:/IdMUnit/designer12/Designer/eclipse/plugins/org.eclipse.pde.build_3.2.1.r321_v20060823/scripts/"></property>
    <property name="user.home" value="C:\Documents and Settings\Brent Kynaston"></property>
    <property name="java.specification.vendor" value="Sun Microsystems Inc."></property>
    <property name="test.dir" value="../myTests"></property>
    <property name="java.library.path" value="C:\IdMUnit\designer12\Designer\eclipse\jre\bin;.;C:\WINDOWS\system32;C:\WINDOWS;c:\;C:\WINDOWS\system32;C:\WINDOWS;C:\WINDOWS\System32\Wbem;C:\Program Files\Wave Systems Corp\Dell Preboot Manager\Access Client\v5\;C:\Novell\Designer12\Designer\eclipse\jre\bin;C:\Program Files\UltraEdit-32;C:\Program Files\QuickTime\QTSystem\"></property>
    <property name="java.vendor.url" value="http://java.sun.com/"></property>
    <property name="java.vm.vendor" value="Sun Microsystems Inc."></property>
    <property name="java.runtime.name" value="Java(TM) 2 Runtime Environment, Standard Edition"></property>
    <property name="java.class.path" value="C:\IdMUnit\src\lib\DDSteps-1.1.1-dev-20061215133454.jar;C:\IdMUnit\src\lib\activation.jar;C:\IdMUnit\src\lib\cglib-nodep.jar;C:\IdMUnit\src\lib\commons-collections.jar;C:\IdMUnit\src\lib\commons-lang.jar;C:\IdMUnit\src\lib\commons-logging.jar;C:\IdMUnit\src\lib\dbunit.jar;C:\IdMUnit\src\lib\easymock-java13.jar;C:\IdMUnit\src\lib\easymockclassextension-java13.jar;C:\IdMUnit\src\lib\ehcache.jar;C:\IdMUnit\src\lib\httpunit.jar;C:\IdMUnit\src\lib\jdom.jar;C:\IdMUnit\src\lib\js.jar;C:\IdMUnit\src\lib\junit-addons.jar;C:\IdMUnit\src\lib\junit.jar;C:\IdMUnit\src\lib\jwebunit.jar;C:\IdMUnit\src\lib\jxl.jar;C:\IdMUnit\src\lib\ldaptemplate-1.0-rc2.jar;C:\IdMUnit\src\lib\log4j.jar;C:\IdMUnit\src\lib\mail.jar;C:\IdMUnit\src\lib\msbase.jar;C:\IdMUnit\src\lib\mssqlserver.jar;C:\IdMUnit\src\lib\msutil.jar;C:\IdMUnit\src\lib\nekohtml.jar;C:\IdMUnit\src\lib\oracleJDBC14.zip;C:\IdMUnit\src\lib\poi.jar;C:\IdMUnit\src\lib\servlet-api.jar;C:\IdMUnit\src\lib\smtp.jar;C:\IdMUnit\src\lib\spring-beans.jar;C:\IdMUnit\src\lib\spring-context.jar;C:\IdMUnit\src\lib\spring-core.jar;C:\IdMUnit\src\lib\spring-dao.jar;C:\IdMUnit\src\lib\spring-jdbc.jar;C:\IdMUnit\src\lib\spring-ldap.jar;C:\IdMUnit\src\lib\spring-mock.jar;C:\IdMUnit\src\lib\xercesImpl.jar;C:\IdMUnit\src\lib\xml-apis.jar;C:\IdMUnit\src\classes;C:\IdMUnit\src\idmunit-core;C:\IdMUnit\myTests;C:\IdMUnit\myProfiles;C:\IdMUnit\src;C:\Program Files\Java\jre1.5.0_06\lib\ext\QTJava.zip;C:\IdMUnit\designer12\Designer\eclipse\plugins\org.apache.ant_1.6.5\lib\ant-launcher.jar;C:\IdMUnit\designer12\Designer\eclipse\plugins\org.apache.ant_1.6.5\lib\ant.jar;C:\IdMUnit\designer12\Designer\eclipse\plugins\org.apache.ant_1.6.5\lib\ant-junit.jar"></property>
    <property name="ant.version" value="Apache Ant version 1.6.5 compiled on June 2 2005"></property>
    <property name="testhtml.dir" value="junit-reports/html"></property>
    <property name="java.vm.specification.name" value="Java Virtual Machine Specification"></property>
    <property name="java.vm.specification.version" value="1.0"></property>
    <property name="sun.cpu.endian" value="little"></property>
    <property name="sun.os.patch.level" value="Service Pack 2"></property>
    <property name="eclipse.pdebuild.home" value="/C:/IdMUnit/designer12/Designer/eclipse/plugins/org.eclipse.pde.build_3.2.1.r321_v20060823/./"></property>
    <property name="java.io.tmpdir" value="C:\DOCUME~1\BRENTK~1\LOCALS~1\Temp\"></property>
    <property name="java.vendor.url.bug" value="http://java.sun.com/cgi-bin/bugreport.cgi"></property>
    <property name="conf.dir" value="conf"></property>
    <property name="os.arch" value="x86"></property>
    <property name="java.awt.graphicsenv" value="sun.awt.Win32GraphicsEnvironment"></property>
    <property name="java.ext.dirs" value="C:\IdMUnit\designer12\Designer\eclipse\jre\lib\ext"></property>
    <property name="user.dir" value="C:\IdMUnit\src"></property>
    <property name="line.separator" value="
"></property>
    <property name="java.vm.name" value="Java HotSpot(TM) Client VM"></property>
    <property name="basedir" value="C:\IdMUnit\src"></property>
    <property name="ant.java.version" value="1.5"></property>
    <property name="file.encoding" value="Cp1252"></property>
    <property name="testreports.dir" value="junit-reports"></property>
    <property name="java.specification.version" value="1.5"></property>
    <property name="src.dir" value="idmunit-core"></property>
  </properties>
  <testcase classname="org.idmunit.TrivirDTFDriverTests" name="testUserAdd[Excel row 8]" time="0.375"></testcase>
  <testcase classname="org.idmunit.TrivirDTFDriverTests" name="testUserAdd[Excel row 9]" time="4.563"></testcase>
  <testcase classname="org.idmunit.TrivirDTFDriverTests" name="testUserAdd[Excel row 10]" time="0.531">
    <failure message="...Failed to write to the log file: x:/input/inputFile20061215153039.csv Error: x:\input\inputFile20061215153039.csv (The system cannot find the path specified)" type="junit.framework.AssertionFailedError">junit.framework.AssertionFailedError: ...Failed to write to the log file: x:/input/inputFile20061215153039.csv Error: x:\input\inputFile20061215153039.csv (The system cannot find the path specified)
	at org.idmunit.IdMUnitTestCase.executeTest(Unknown Source)
	at org.idmunit.IdMUnitTestCase.executeTest(Unknown Source)
	at org.idmunit.IdMUnitTestCase.executeTest(Unknown Source)
	at org.idmunit.TrivirDTFDriverTests.testUserAdd(Unknown Source)
	at org.ddsteps.DDStepsTestCase.run(DDStepsTestCase.java:114)
	at org.ddsteps.junit.suite.DDStepsDdMethodTestSuite.doRunSuite(DDStepsDdMethodTestSuite.java:114)
	at org.ddsteps.junit.suite.DDStepsDdMethodTestSuite.run(DDStepsDdMethodTestSuite.java:86)
</failure>
  </testcase>
  <testcase classname="org.idmunit.TrivirDTFDriverTests" name="testUserAdd[Excel row 11]" time="10.062">
    <failure message="Validation failure: [LDAP: error code 32 - NDS error: no such entry (-601)]" type="junit.framework.AssertionFailedError">junit.framework.AssertionFailedError: Validation failure: [LDAP: error code 32 - NDS error: no such entry (-601)]
	at org.idmunit.IdMUnitTestCase.executeTest(Unknown Source)
	at org.idmunit.IdMUnitTestCase.executeTest(Unknown Source)
	at org.idmunit.IdMUnitTestCase.executeTest(Unknown Source)
	at org.idmunit.IdMUnitTestCase.executeTest(Unknown Source)
	at org.idmunit.IdMUnitTestCase.executeTest(Unknown Source)
	at org.idmunit.IdMUnitTestCase.executeTest(Unknown Source)
	at org.idmunit.IdMUnitTestCase.executeTest(Unknown Source)
	at org.idmunit.TrivirDTFDriverTests.testUserAdd(Unknown Source)
	at org.ddsteps.DDStepsTestCase.run(DDStepsTestCase.java:114)
	at org.ddsteps.junit.suite.DDStepsDdMethodTestSuite.doRunSuite(DDStepsDdMethodTestSuite.java:114)
	at org.ddsteps.junit.suite.DDStepsDdMethodTestSuite.run(DDStepsDdMethodTestSuite.java:86)
</failure>
  </testcase>
  <testcase classname="org.idmunit.TrivirDTFDriverTests" name="testUserAdd[Excel row 12]" time="0.016"></testcase>
  <system-out><![CDATA[
[0     ] - Loading properties file from class path resource [idmunit-defaults.properties]
[250   ] - loadDataSet(clazz = class org.idmunit.TrivirDTFDriverTests) - Excel file loaded.
[312   ] - Found test data for method: org.idmunit.TrivirDTFDriverTests#testUserAdd
[328   ] - Creating data driven test: org.idmunit.TrivirDTFDriverTests#testUserAdd[Excel row 8]
[328   ] - Creating data driven test: org.idmunit.TrivirDTFDriverTests#testUserAdd[Excel row 9]
[328   ] - Creating data driven test: org.idmunit.TrivirDTFDriverTests#testUserAdd[Excel row 10]
[328   ] - Creating data driven test: org.idmunit.TrivirDTFDriverTests#testUserAdd[Excel row 11]
[328   ] - Creating data driven test: org.idmunit.TrivirDTFDriverTests#testUserAdd[Excel row 12]
[328   ] - Not mocking method. (Method = public final void org.ddsteps.DDStepsTestCase.setUp() throws java.lang.Exception)
[328   ] - Loading properties file from class path resource [idmunit-defaults.properties]
[375   ] - JDK 1.4+ collections available
[391   ] - Commons Collections 3.x available
[437   ] - IdMUnit Properties Entry: ConfigLocation = [../myProfiles/idmunit-config.xml]
[437   ] - ### Loading IdMUnit configuration profiles....
[437   ] - ### Enable email alerts: = [true]
[437   ] - ### Enable log alerts: = [true]
[437   ] - ### Attempting to select live target: [trivirLab]
[437   ] - ### Selected profile: = [trivirLab]
[437   ] - ###	---------------------------------
[437   ] - ### 	Connection Name: META
[437   ] - ### 	Description: Connector for the identity vault
[437   ] - ### 	Type: org.idmunit.connector.LDAP
[437   ] - ### 	Server: 172.19.18.132
[437   ] - ### 	User: cn=admin,o=services
[437   ] - ### 	Password: ***************
[437   ] - ### 	Multipliers:
[437   ] - ###		Retries multiplied by: 0
[437   ] - ###		Waits multiplied by: 0
[437   ] - ### 	Data Substitutions:
[437   ] - ###		Value to replace: %TEST1%
[437   ] - ###		New value: ou=test
[437   ] - ###		Value to replace: %TEST2%
[437   ] - ###		New value: o=users
[437   ] - ###		Value to replace: %TTT%
[437   ] - ###		New value: TestUser
[437   ] - ### 	Data Injections:
[437   ] - ###		Class used to inject data: org.idmunit.injector.DateInjection
[437   ] - ###		Key value to replace: %TODAY%
[437   ] - ###		Format of injected data: yyyyMMdd
[437   ] - ###		Dynamicaly generated value: 20061215
[437   ] - ###		Class used to inject data: org.idmunit.injector.DateInjection
[437   ] - ###		Key value to replace: %TODAY+30%
[437   ] - ###		Format of injected data: yyyyMMdd
[437   ] - ###		Mutator: 30
[437   ] - ###		Dynamicaly generated value: 20070114
[437   ] - ###		Class used to inject data: org.idmunit.injector.DateInjection
[437   ] - ###		Key value to replace: %TODAY-30%
[437   ] - ###		Format of injected data: yyyyMMdd
[437   ] - ###		Mutator: -30
[437   ] - ###		Dynamicaly generated value: 20061115
[687   ] - ###	---------------------------------
[687   ] - ### 	Alert Name: : TriVir
[687   ] - ### 	Description: TriVir personnel will be notified if a test marked as "Critical" fails
[687   ] - ### 	SMTP Mail Server: smtp.swacorp.com
[687   ] - ### 	Sender Name: idmunitAlerts@idmunit.org
[687   ] - ### 	Alert Recipient: bkynaston@gmail.com
[687   ] - ### 	Subject Prefix: IdMUnit Test Failed: 
[687   ] - ### 	Log Path: c:/idmunitAlerts.log
[687   ] - ###	---------------------------------
[687   ] - ### 	Connection Name: AD1
[687   ] - ### 	Description: Connector to an Active Directory domain on Windows 2003 server
[687   ] - ### 	Type: org.idmunit.connector.LDAP
[687   ] - ### 	Server: 172.19.18.131
[687   ] - ### 	User: cn=administrator,cn=users,dc=trivir,dc=com
[687   ] - ### 	Password: ***************
[687   ] - ### 	Multipliers:
[687   ] - ###		Retries multiplied by: 0
[687   ] - ###		Waits multiplied by: 0
[687   ] - ### 	Data Substitutions:
[687   ] - ###		Value to replace: ADDOMAIN
[687   ] - ###		New value: simdev,DC=lcl
[687   ] - ### 	Data Injections:
[687   ] - ###		Class used to inject data: org.idmunit.injector.DateInjection
[687   ] - ###		Key value to replace: %TODAY%
[687   ] - ###		Format of injected data: yyyyMMdd
[687   ] - ###		Dynamicaly generated value: 20061215
[687   ] - ###		Class used to inject data: org.idmunit.injector.DateInjection
[687   ] - ###		Key value to replace: %TODAY+30%
[687   ] - ###		Format of injected data: yyyyMMdd
[687   ] - ###		Mutator: 30
[687   ] - ###		Dynamicaly generated value: 20070114
[687   ] - ###		Class used to inject data: org.idmunit.injector.DateInjection
[687   ] - ###		Key value to replace: %TODAY-30%
[687   ] - ###		Format of injected data: yyyyMMdd
[687   ] - ###		Mutator: -30
[687   ] - ###		Dynamicaly generated value: 20061115
[687   ] - ###	---------------------------------
[687   ] - ###	---------------------------------
[687   ] - ### 	Connection Name: DTF
[687   ] - ### 	Description: Connector to TriVirDTF data feed - must  map drive/share to IDM server or remote loader running the DTF driver
[687   ] - ### 	Type: org.idmunit.connector.DTF
[687   ] - ### 	Server: DriverInputFilePath=x:/input/inputFile.csv|DriverOutputFilePath=x:/output/outputFile.csv|delimiter=$
[687   ] - ### 	Password: ***************
[687   ] - ### 	Multipliers:
[687   ] - ###		Retries multiplied by: 0
[687   ] - ###		Waits multiplied by: 0
[687   ] - ### 	Data Substitutions:
[687   ] - ###		Value to replace: X3
[687   ] - ###		New value: 333-333-3333
[687   ] - ###		Value to replace: X2
[687   ] - ###		New value: 222-222-2222
[687   ] - ###		Value to replace: X1
[687   ] - ###		New value: 111-111-1111
[687   ] - ### 	Data Injections:
[703   ] - ###	---------------------------------
[703   ] - Comment data: (this row will not be processed)

---------------------------------
Test Case: testUserAdd[Excel row 8]
Description:
Best practice: organize like tests into a single sheet.  If convenient, it is a good idea to organize a sheet of tests such that it can be run 
independently.  This is not  always possible in the cases where a lot of pre-existing data needs to be set up (thus the need for a test fixture sheet).

This sheet provides an example of ADD event tests.  Sheets may be executed autonomously and asynchronously.
---------------------------------

[734   ] - testUserAdd[Excel row 9]: Ensure that the test objects does not exist in Meta 
[5297  ] - testUserAdd[Excel row 10]: Simulate a user add event originating from the Delimited Text File (DTF) source
[5297  ] - ##### Input File Path: x:/input/inputFile20061215153039.csv
[5297  ] - ##### Output File Path: x:/output/outputFile20061215153039.csv
[5297  ] - ##### Field Delimiter: $
[5297  ] - ...inserting delimited text file entry: 
[5297  ] - Gillmore$Happy$Software Engineer$info@trivir.com$111-111-1111$222-222-2222$333-333-3333$happyDescVal$
[5797  ] - RETRY (1} ...Failed to write to the log file: x:/input/inputFile20061215153039.csv Error: x:\input\inputFile20061215153039.csv (The system cannot find the path specified) testUserAdd[Excel row 10]
[5797  ] - testUserAdd[Excel row 10]: Simulate a user add event originating from the Delimited Text File (DTF) source
[5797  ] - ##### Input File Path: x:/input/inputFile20061215153039.csv
[5797  ] - ##### Output File Path: x:/output/outputFile20061215153039.csv
[5797  ] - ##### Field Delimiter: $
[5797  ] - ...inserting delimited text file entry: 
[5797  ] - Gillmore$Happy$Software Engineer$info@trivir.com$111-111-1111$222-222-2222$333-333-3333$happyDescVal$
[5797  ] - ...FAILURE: ...Failed to write to the log file: x:/input/inputFile20061215153039.csv Error: x:\input\inputFile20061215153039.csv (The system cannot find the path specified)
[5812  ] - testUserAdd[Excel row 11]: Validate that the user was provisioned successfully with all attrs in sync
[7812  ] - RETRY (5} Validation failure: [LDAP: error code 32 - NDS error: no such entry (-601)] testUserAdd[Excel row 11]
[7812  ] - testUserAdd[Excel row 11]: Validate that the user was provisioned successfully with all attrs in sync
[9828  ] - RETRY (4} Validation failure: [LDAP: error code 32 - NDS error: no such entry (-601)] testUserAdd[Excel row 11]
[9828  ] - testUserAdd[Excel row 11]: Validate that the user was provisioned successfully with all attrs in sync
[11828 ] - RETRY (3} Validation failure: [LDAP: error code 32 - NDS error: no such entry (-601)] testUserAdd[Excel row 11]
[11828 ] - testUserAdd[Excel row 11]: Validate that the user was provisioned successfully with all attrs in sync
[13844 ] - RETRY (2} Validation failure: [LDAP: error code 32 - NDS error: no such entry (-601)] testUserAdd[Excel row 11]
[13844 ] - testUserAdd[Excel row 11]: Validate that the user was provisioned successfully with all attrs in sync
[15844 ] - RETRY (1} Validation failure: [LDAP: error code 32 - NDS error: no such entry (-601)] testUserAdd[Excel row 11]
[15844 ] - testUserAdd[Excel row 11]: Validate that the user was provisioned successfully with all attrs in sync
[15859 ] - ...FAILURE: Validation failure: [LDAP: error code 32 - NDS error: no such entry (-601)]
[15875 ] - testUserAdd[Excel row 12]: Clean up the Meta object
[15875 ] - Not mocking method. (Method = public final void org.ddsteps.DDStepsTestCase.tearDown() throws java.lang.Exception)]]></system-out>
  <system-err><![CDATA[]]></system-err>
</testsuite>
